<?xml version="1.0" encoding="UTF-8"?>
<!-- Generated by org.testng.reporters.JUnitReportReporter -->
<testsuite hostname="Robert" failures="0" tests="4" name="DataProviderConcepts.DataProviderMultipleParameter" time="0.012" errors="0" timestamp="2024-10-27T02:38:10 IST" skipped="0">
  <testcase classname="DataProviderConcepts.DataProviderMultipleParameter" name="myTest1" time="0.009"/>
  <system-out/>
  <testcase classname="DataProviderConcepts.DataProviderMultipleParameter" name="myTest2" time="0.001"/>
  <system-out/>
  <testcase classname="DataProviderConcepts.DataProviderMultipleParameter" name="myTest1" time="0.001"/>
  <system-out/>
  <testcase classname="DataProviderConcepts.DataProviderMultipleParameter" name="myTest2" time="0.001"/>
  <system-out/>
</testsuite> <!-- DataProviderConcepts.DataProviderMultipleParameter -->
