<?xml version="1.0" encoding="UTF-8"?>
<!-- Generated by org.testng.reporters.JUnitReportReporter -->
<testsuite hostname="Robert" failures="0" tests="3" name="TestNGStudy.testNGConcepts.BasicAnnotaions" time="0.036" errors="0" timestamp="2024-08-09T21:50:59 IST" skipped="0">
  <testcase classname="TestNGStudy.testNGConcepts.BasicAnnotaions" name="GetpageTitle3" time="0.004"/>
  <system-out/>
  <testcase classname="TestNGStudy.testNGConcepts.BasicAnnotaions" name="GetpageTitle" time="0.022"/>
  <system-out/>
  <testcase classname="TestNGStudy.testNGConcepts.BasicAnnotaions" name="GetpageTitle2" time="0.010"/>
  <system-out/>
</testsuite> <!-- TestNGStudy.testNGConcepts.BasicAnnotaions -->
