<?xml version="1.0" encoding="UTF-8"?>
<!-- Generated by org.testng.reporters.JUnitReportReporter -->
<testsuite hostname="Robert" failures="0" tests="2" name="DataProviderConcepts.DataProviderClass" time="0.011" errors="0" timestamp="2024-10-27T02:06:23 IST" skipped="0">
  <testcase classname="DataProviderConcepts.DataProviderClass" name="myTestMethod" time="0.009"/>
  <system-out/>
  <testcase classname="DataProviderConcepts.DataProviderClass" name="myTestMethod" time="0.002"/>
  <system-out/>
</testsuite> <!-- DataProviderConcepts.DataProviderClass -->
