<?xml version="1.0" encoding="UTF-8"?>
<!-- Generated by org.testng.reporters.JUnitReportReporter -->
<testsuite hostname="Robert" failures="0" tests="2" name="IInvokedMethodListeners.TestCase" time="0.012" errors="0" timestamp="2024-10-26T14:25:44 IST" skipped="0">
  <testcase classname="IInvokedMethodListeners.TestCase" name="firstTest" time="0.010"/>
  <system-out/>
  <testcase classname="IInvokedMethodListeners.TestCase" name="secondTest" time="0.002"/>
  <system-out/>
</testsuite> <!-- IInvokedMethodListeners.TestCase -->
