<?xml version="1.0" encoding="UTF-8"?>
<!-- Generated by org.testng.reporters.JUnitReportReporter -->
<testsuite hostname="Robert" failures="0" tests="1" name="ExcelTopics.DataProviderConcepts" time="0.019" errors="0" timestamp="2024-07-23T23:57:08 IST" skipped="0">
  <testcase classname="ExcelTopics.DataProviderConcepts" name="something" time="0.019"/>
  <system-out/>
</testsuite> <!-- ExcelTopics.DataProviderConcepts -->
