<?xml version="1.0" encoding="UTF-8"?>
<!-- Generated by org.testng.reporters.JUnitReportReporter -->
<testsuite hostname="Robert" failures="0" tests="4" name="TestNGStudy.testNGConcepts.GroupDependency" time="0.018" errors="0" timestamp="2024-10-25T00:40:13 IST" skipped="0">
  <testcase classname="TestNGStudy.testNGConcepts.GroupDependency" name="CloseAccount" time="0.001"/>
  <system-out/>
  <testcase classname="TestNGStudy.testNGConcepts.GroupDependency" name="OpenBrowser" time="0.013"/>
  <system-out/>
  <testcase classname="TestNGStudy.testNGConcepts.GroupDependency" name="ViewAcc" time="0.002"/>
  <system-out/>
  <testcase classname="TestNGStudy.testNGConcepts.GroupDependency" name="LogIn" time="0.002"/>
  <system-out/>
</testsuite> <!-- TestNGStudy.testNGConcepts.GroupDependency -->
