<?xml version="1.0" encoding="UTF-8"?>
<!-- Generated by org.testng.reporters.JUnitReportReporter -->
<testsuite hostname="Robert" failures="0" tests="3" name="ParallelInstances.TestClass2" time="0.054" errors="0" timestamp="2024-10-28T23:34:01 IST" skipped="0">
  <testcase classname="ParallelInstances.TestClass2" name="testMethod1" time="0.018"/>
  <system-out/>
  <testcase classname="ParallelInstances.TestClass2" name="testMethod2" time="0.018"/>
  <system-out/>
  <testcase classname="ParallelInstances.TestClass2" name="testMethod3" time="0.018"/>
  <system-out/>
</testsuite> <!-- ParallelInstances.TestClass2 -->
