<?xml version="1.0" encoding="UTF-8"?>
<!-- Generated by org.testng.reporters.JUnitReportReporter -->
<testsuite hostname="Robert" failures="0" tests="1" name="ListenersISuite.ChildClass2" time="0.001" errors="0" timestamp="2024-10-26T13:25:56 IST" skipped="0">
  <testcase classname="ListenersISuite.ChildClass2" name="test" time="0.001"/>
  <system-out/>
</testsuite> <!-- ListenersISuite.ChildClass2 -->
